<?xml version="1.0" encoding="UTF-8"?>
<testsuite xmlns:xsi="http://www.w3.org/2001/XMLSchema-instance" xsi:noNamespaceSchemaLocation="https://maven.apache.org/surefire/maven-surefire-plugin/xsd/surefire-test-report-3.0.xsd" version="3.0" name="com.mycompany.app.AppTest" time="0.021" tests="7" errors="0" skipped="0" failures="0">
  <properties>
[...]
</properties>
  <testcase name="testReplaceCharacters_OutOfBoundsIndex" classname="com.mycompany.app.AppTest" time="0.007"/>
  <testcase name="testReplaceCharacters_EmptyString" classname="com.mycompany.app.AppTest" time="0.002"/>
  <testcase name="testReplaceCharacters_SingleReplacement" classname="com.mycompany.app.AppTest" time="0.0"/>
  <testcase name="testReplaceCharacters_MultipleReplacements" classname="com.mycompany.app.AppTest" time="0.0"/>
  <testcase name="testReplaceCharacters_LargeStrings" classname="com.mycompany.app.AppTest" time="0.001"/>
  <testcase name="testReplaceCharacters_SameString" classname="com.mycompany.app.AppTest" time="0.0"/>
  <testcase name="testReplaceCharacters_UnevenArrays" classname="com.mycompany.app.AppTest" time="0.0"/>
</testsuite>